<?xml version="1.0" encoding="UTF-8"?>
<!-- Generated by org.testng.reporters.JUnitReportReporter -->
<testsuite hostname="DESKTOP-MOA5BMG" failures="0" tests="1" name="scripts.Test4" time="0.017" errors="0" timestamp="2022-09-13T07:58:24 IST" skipped="0">
  <testcase classname="scripts.Test4" name="tc4" time="0.017"/>
  <system-out>
    <![CDATA[hello phytonselenium]]>
  </system-out>
</testsuite> <!-- scripts.Test4 -->
