<?xml version="1.0" encoding="UTF-8"?>
<!-- Generated by org.testng.reporters.JUnitReportReporter -->
<testsuite hostname="DESKTOP-MOA5BMG" failures="0" tests="1" name="scripts.Test3" time="0.003" errors="0" timestamp="2022-09-13T07:58:24 IST" skipped="0">
  <testcase classname="scripts.Test3" name="tc3" time="0.003"/>
  <system-out>
    <![CDATA[hello phyton]]>
  </system-out>
</testsuite> <!-- scripts.Test3 -->
